TN:
SF:src\Controllers\ControllerBase.ts
FN:5,(anonymous_0)
FNF:1
FNH:1
FNDA:14,(anonymous_0)
DA:3,1
LF:1
LH:1
BRF:0
BRH:0
end_of_record
TN:
SF:src\Controllers\UserController.ts
FN:13,(anonymous_0)
FN:26,(anonymous_1)
FN:36,(anonymous_2)
FN:43,(anonymous_3)
FN:49,(anonymous_4)
FN:19,(anonymous_5)
FN:58,(anonymous_6)
FNF:7
FNH:6
FNDA:14,(anonymous_0)
FNDA:2,(anonymous_1)
FNDA:2,(anonymous_2)
FNDA:0,(anonymous_3)
FNDA:2,(anonymous_4)
FNDA:14,(anonymous_5)
FNDA:2,(anonymous_6)
DA:3,1
DA:6,1
DA:7,1
DA:10,14
DA:11,14
DA:14,14
DA:15,14
DA:20,14
DA:26,14
DA:27,2
DA:28,2
DA:29,2
DA:30,1
DA:32,1
DA:36,14
DA:37,2
DA:38,2
DA:39,2
DA:40,2
DA:43,14
DA:44,0
DA:46,0
DA:49,14
DA:50,2
DA:51,2
DA:54,2
DA:55,2
DA:59,2
DA:60,2
DA:64,1
LF:30
LH:28
BRDA:29,0,0,1
BRDA:29,0,1,1
BRDA:60,1,0,2
BRDA:60,1,1,2
BRF:4
BRH:4
end_of_record
TN:
SF:src\DataAccess\Models\UserModel.ts
FNF:0
FNH:0
DA:3,1
DA:6,1
DA:11,1
LF:3
LH:3
BRF:0
BRH:0
end_of_record
TN:
SF:src\Extensions\ExtensionManager.ts
FN:11,(anonymous_0)
FN:15,(anonymous_1)
FN:16,(anonymous_2)
FNF:3
FNH:3
FNDA:2,(anonymous_0)
FNDA:1,(anonymous_1)
FNDA:1,(anonymous_2)
DA:7,1
DA:12,2
DA:16,1
DA:17,1
LF:4
LH:4
BRF:0
BRH:0
end_of_record
TN:
SF:src\Extensions\ResponseExtensions.ts
FN:30,(anonymous_0)
FN:35,(anonymous_1)
FN:41,(anonymous_2)
FN:50,(anonymous_3)
FN:63,(anonymous_4)
FN:70,(anonymous_5)
FN:71,(anonymous_6)
FN:76,(anonymous_7)
FN:80,(anonymous_8)
FNF:9
FNH:9
FNDA:2,(anonymous_0)
FNDA:4,(anonymous_1)
FNDA:4,(anonymous_2)
FNDA:4,(anonymous_3)
FNDA:4,(anonymous_4)
FNDA:56,(anonymous_5)
FNDA:14,(anonymous_6)
FNDA:14,(anonymous_7)
FNDA:14,(anonymous_8)
DA:28,1
DA:31,2
DA:32,2
DA:36,4
DA:37,4
DA:38,4
DA:42,4
DA:44,4
DA:45,4
DA:46,4
DA:47,4
DA:51,4
DA:53,4
DA:54,4
DA:55,4
DA:56,4
DA:57,4
DA:58,4
DA:59,4
DA:60,4
DA:64,4
DA:65,4
DA:66,4
DA:71,56
DA:72,14
DA:77,14
DA:81,14
LF:27
LH:27
BRF:0
BRH:0
end_of_record
TN:
SF:src\Utils\ConsoleLogUtils.ts
FN:3,(anonymous_0)
FN:32,(anonymous_1)
FN:35,(anonymous_2)
FNF:3
FNH:3
FNDA:1,(anonymous_0)
FNDA:4,(anonymous_1)
FNDA:2,(anonymous_2)
DA:3,1
DA:4,1
DA:5,1
DA:6,1
DA:7,1
DA:8,1
DA:9,1
DA:10,1
DA:12,1
DA:13,1
DA:14,1
DA:15,1
DA:16,1
DA:17,1
DA:18,1
DA:19,1
DA:21,1
DA:22,1
DA:23,1
DA:24,1
DA:25,1
DA:26,1
DA:27,1
DA:28,1
DA:31,1
DA:33,4
DA:35,4
DA:36,2
DA:39,4
DA:41,4
DA:42,2
DA:45,4
LF:32
LH:32
BRDA:3,0,0,1
BRDA:3,0,1,1
BRDA:41,1,0,2
BRDA:41,1,1,2
BRF:4
BRH:4
end_of_record
