TN:
SF:src\Utils\ConsoleLogUtils.ts
FN:3,(anonymous_0)
FN:32,(anonymous_1)
FN:35,(anonymous_2)
FNF:3
FNH:3
FNDA:1,(anonymous_0)
FNDA:4,(anonymous_1)
FNDA:2,(anonymous_2)
DA:3,1
DA:4,1
DA:5,1
DA:6,1
DA:7,1
DA:8,1
DA:9,1
DA:10,1
DA:12,1
DA:13,1
DA:14,1
DA:15,1
DA:16,1
DA:17,1
DA:18,1
DA:19,1
DA:21,1
DA:22,1
DA:23,1
DA:24,1
DA:25,1
DA:26,1
DA:27,1
DA:28,1
DA:31,1
DA:33,4
DA:35,4
DA:36,2
DA:39,4
DA:41,4
DA:42,2
DA:45,4
LF:32
LH:32
BRDA:3,0,0,1
BRDA:3,0,1,1
BRDA:41,1,0,2
BRDA:41,1,1,2
BRF:4
BRH:4
end_of_record
